15:15:34 | INFO     | =======================================================
15:15:34 | INFO     |   Delta Exchange Short Straddle Bot — starting up
15:15:34 | INFO     | =======================================================
15:15:34 | INFO     |   BASE_URL      : https://cdn-ind.testnet.deltaex.org
15:15:34 | INFO     |   QUANTITY      : 50 contract(s) per leg
15:15:34 | INFO     |   SL_PCT        : 3%
15:15:34 | INFO     |   EMA_PERIOD    : 5
15:15:34 | INFO     |   SLOPE_THRESH  : 10.0
15:15:34 | INFO     |   MAX_REENTRY   : 10
15:15:34 | INFO     |   REENTRY_WAIT  : 300s
15:15:34 | INFO     |   SESSION       : 04:00 – 23:55 UTC
15:15:34 | INFO     |   Console level : INFO  |  File level: DEBUG
15:15:34 | INFO     | =======================================================
15:15:34 | DEBUG    | [Bot] SDK client initialised
15:15:34 | DEBUG    | [DataFeed] Initialised  base_url=https://cdn-ind.testnet.deltaex.org
15:15:34 | INFO     | [Bot] All components ready.
15:15:34 | INFO     | [Bot] ✅ Session OPEN  (04:00–23:55 UTC)  | now=09:45:34 UTC
15:15:34 | INFO     | [Bot] Entering main trading loop...
15:15:34 | DEBUG    | [Bot] ── Cycle #1 ────────────────────────────
15:15:34 | INFO     | [Bot] ── Cycle #1: fetching market data ────────
15:15:34 | DEBUG    | [DataFeed] get_btc_spot → get_ticker('BTCUSD')
15:15:34 | DEBUG    | [DataFeed] get_ticker('BTCUSD') raw: {'top_tag': 'crypto', 'ltp_change_24h': '0.0033', 'tags': ['layer_1and2'], 'tick_size': '0.100000000000000000', 'underlying_asset_symbol': 'BTC', 'price_band': {'lower_limit': '0.100000000000000000', 'upper_limit': '156172.89378802'}, 'product_id': 84, 'open': 78088.0, 'symbol': 'BTCUSD', 'time': '2026-05-16T09:44:36.553679309Z', 'spot_price': '78130.2', 'turnover_symbol': 'USD', 'sort_priority': 1, 'size': 2636323, 'turnover_usd': 205792416.8077996, 'low': 77609.9, 'close': 78090.6, 'leverage': 200, 'mark_basis': '-0.00055104', 'oi_value': '919.1270', 'oi_contracts': '919127', 'timestamp': 1779011134149679, 'quotes': {'mark_iv': '-0.61040127', 'bid_iv': None, 'best_bid': '78091.6', 'best_ask': '78092.1', 'ask_iv': None, 'impact_mid_price': None, 'ask_size': '4', 'bid_size': '42'}, 'oi_change_usd_6h': '0.0000', 'oi_value_usd': '71811576.3354', 'funding_rate': '0.01', 'description': None, 'mark_change_24h': '-0.0035', 'oi_value_symbol': 'BTC', 'volume': 2636.3229999997666, 'oi': '919.1270', 'turnover': 205792416.8077996, 'product_trading_status': 'operational', 'contract_type': 'perpetual_futures', 'high': 78331.4, 'greeks': None, 'contract_value': '0.001000000000000000', 'mark_price': '78087.14693087'}
15:15:34 | INFO     | [DataFeed] BTC Spot (mark_price): $78,087.15
15:15:34 | DEBUG    | [Feature] ATM: spot=78087.15  step=500  → 78000
15:15:34 | DEBUG    | [DataFeed] Expiry=22-05-2026  source=MANUAL_OVERRIDE
15:15:34 | INFO     | [Bot] spot=$78,087.15  atm_strike=78000  expiry=22-05-2026
15:15:34 | DEBUG    | [DataFeed] get_option_chain → GET /v2/tickers  params={'contract_types': 'call_options,put_options', 'underlying_asset_symbols': 'BTC', 'expiry_date': '22-05-2026'}
15:15:35 | DEBUG    | [HTTP] get_option_chain → status=200
15:15:35 | DEBUG    | [HTTP] get_option_chain → body={"success":true,"result":[{"top_tag":"","ltp_change_24h":"-40.5475","tags":["New"],"tick_size":"0.500000000000000000","underlying_asset_symbol":"BTC","price_band":{"lower_limit":"4435.46039562","upper_limit":"7465.89043378"},"product_id":180471,"open":7397.5,"symbol":"P-BTC-84000-220526","time":"2026-05-16T09:44:36.553679309Z","spot_price":"78130.2","turnover_symbol":"USD","sort_priority":2,"size":20,"turnover_usd":1562.266,"mark_vol":"0.37917706","low":4398.0,"close":4398.0,"leverage":100,"stri
15:15:35 | INFO     | [DataFeed] Option chain [22-05-2026]: 42 contracts
15:15:35 | DEBUG    | [DataFeed] Available strikes: [72000, 73000, 74000, 75000, 76000, 76500, 77000, 77500, 78000, 78500, 79000, 79500, 80000, 80500, 81000, 81500, 82000, 83000, 84000, 85000, 86000, 87000]
15:15:35 | DEBUG    | [DataFeed] find_atm_products: strike=78000  chain_len=42
15:15:35 | DEBUG    | [DataFeed] CALL found: C-BTC-78000-220526  mark_price=1607.48127721
15:15:35 | DEBUG    | [DataFeed] PUT found: P-BTC-78000-220526  mark_price=1466.0155719
15:15:35 | INFO     | [Bot] ATM contracts: CALL=C-BTC-78000-220526  PUT=P-BTC-78000-220526
15:15:35 | DEBUG    | [Bot] call_prod={'top_tag': '', 'ltp_change_24h': '-9.7493', 'tags': ['New'], 'tick_size': '0.500000000000000000', 'underlying_asset_symbol': 'BTC', 'price_band': {'lower_limit': '663.68060327', 'upper_limit': '3147.17430696'}, 'product_id': 180474, 'open': 1795.0, 'symbol': 'C-BTC-78000-220526', 'time': '2026-05-16T09:44:36.553679309Z', 'spot_price': '78130.2', 'turnover_symbol': 'USD', 'sort_priority': 2, 'size': 11622, 'turnover_usd': 907691.1387000004, 'mark_vol': '0.4190772', 'low': 1515.0, 'close': 1620.0, 'leverage': 100, 'strike_price': '78000', 'oi_value': '2.7130', 'oi_contracts': '2713', 'timestamp': 1779011134149679, 'quotes': {'mark_iv': '0.41900164', 'bid_iv': '0.41431999', 'best_bid': '1590', 'best_ask': '1620', 'ask_iv': '0.42248155', 'impact_mid_price': None, 'ask_size': '2126', 'bid_size': '2856'}, 'oi_change_usd_6h': '0.0000', 'oi_value_usd': '211966.6900', 'description': 'BTC  Call', 'mark_change_24h': '-9.6533', 'oi_value_symbol': 'BTC', 'volume': 11.622000000000007, 'oi': '2.7130', 'turnover': 907691.1387000004, 'product_trading_status': 'operational', 'contract_type': 'call_options', 'high': 1855.0, 'greeks': {'delta': '0.52327939', 'theta': '-151.30696898', 'spot': '78130', 'vega': '36.75752174', 'rho': '5.48072369', 'gamma': '0.00010291'}, 'contract_value': '0.001000000000000000', 'mark_price': '1607.48127721'}
15:15:35 | DEBUG    | [Bot] put_prod={'top_tag': '', 'ltp_change_24h': '-8.9506', 'tags': ['New'], 'tick_size': '0.500000000000000000', 'underlying_asset_symbol': 'BTC', 'price_band': {'lower_limit': '595.50521486', 'upper_limit': '2995.5512745'}, 'product_id': 180451, 'open': 1620.0, 'symbol': 'P-BTC-78000-220526', 'time': '2026-05-16T09:44:36.553679309Z', 'spot_price': '78130.2', 'turnover_symbol': 'USD', 'sort_priority': 2, 'size': 10073, 'turnover_usd': 786629.6390000002, 'mark_vol': '0.41595792', 'low': 1390.0, 'close': 1475.0, 'leverage': 100, 'strike_price': '78000', 'oi_value': '4.6870', 'oi_contracts': '4687', 'timestamp': 1779011134149679, 'quotes': {'mark_iv': '0.41601375', 'bid_iv': '0.41023825', 'best_bid': '1445', 'best_ask': '1475', 'ask_iv': '0.41839983', 'impact_mid_price': None, 'ask_size': '2077', 'bid_size': '2856'}, 'oi_change_usd_6h': '0.0000', 'oi_value_usd': '366195.3100', 'description': 'BTC  Put', 'mark_change_24h': '-10.5665', 'oi_value_symbol': 'BTC', 'volume': 10.072999999999993, 'oi': '4.6870', 'turnover': 786629.6390000002, 'product_trading_status': 'operational', 'contract_type': 'put_options', 'high': 1825.0, 'greeks': {'delta': '-0.47668592', 'theta': '-149.86865309', 'spot': '78130', 'vega': '36.75741817', 'rho': '-5.40146146', 'gamma': '0.00010389'}, 'contract_value': '0.001000000000000000', 'mark_price': '1466.0155719'}
15:15:35 | DEBUG    | [Bot] fetch_straddle_series: CALL=C-BTC-78000-220526  PUT=P-BTC-78000-220526
15:15:35 | DEBUG    | [DataFeed] get_1min_candles(C-BTC-78000-220526, limit=30)  params={'resolution': '1m', 'symbol': 'C-BTC-78000-220526', 'start': 1778924735, 'end': 1779011135}
15:15:36 | DEBUG    | [HTTP] candles(C-BTC-78000-220526) → status=200
15:15:36 | DEBUG    | [HTTP] candles(C-BTC-78000-220526) → body={"success":true,"result":[{"close":1580,"high":1610,"low":1580,"open":1610,"time":1779010860,"volume":100},{"close":1580,"high":1615,"low":1580,"open":1615,"time":1779010800,"volume":100},{"close":1570,"high":1570,"low":1570,"open":1570,"time":1779010740,"volume":0},{"close":1570,"high":1570,"low":1570,"open":1570,"time":1779010680,"volume":5},{"close":1580,"high":1580,"low":1580,"open":1580,"time":1779010620,"volume":50},{"close":1585,"high":1585,"low":1585,"open":1585,"time":1779010560,"volume
15:15:36 | DEBUG    | [DataFeed] candles(C-BTC-78000-220526): 30 bars  last_close=1585.0000  min=1570.0000  max=1585.0000
15:15:36 | DEBUG    | [DataFeed] get_1min_candles(P-BTC-78000-220526, limit=30)  params={'resolution': '1m', 'symbol': 'P-BTC-78000-220526', 'start': 1778924736, 'end': 1779011136}
15:15:36 | DEBUG    | [HTTP] candles(P-BTC-78000-220526) → status=200
15:15:36 | DEBUG    | [HTTP] candles(P-BTC-78000-220526) → body={"success":true,"result":[{"close":1455,"high":1485,"low":1455,"open":1485,"time":1779010860,"volume":100},{"close":1455,"high":1480,"low":1455,"open":1480,"time":1779010800,"volume":100},{"close":1455,"high":1455,"low":1455,"open":1455,"time":1779010740,"volume":0},{"close":1455,"high":1455,"low":1455,"open":1455,"time":1779010680,"volume":0},{"close":1455,"high":1455,"low":1455,"open":1455,"time":1779010620,"volume":50},{"close":1440,"high":1440,"low":1440,"open":1440,"time":1779010560,"volume
15:15:36 | DEBUG    | [DataFeed] candles(P-BTC-78000-220526): 30 bars  last_close=1480.0000  min=1440.0000  max=1480.0000
15:15:36 | DEBUG    | [Bot] Candle counts: call=30  put=30
15:15:36 | DEBUG    | [Feature] Straddle series: 30 bars  call_bars=30  put_bars=30  last=$3065.0000
15:15:36 | INFO     | [Bot] Straddle series: 30 bars  last=$3065.0000  min=$3025.0000  max=$3065.0000
15:15:36 | DEBUG    | [Strategy] should_enter: series_len=30
15:15:36 | DEBUG    | [Feature] EMA(5): first=3031.0000  last=3064.5847  bars=26
15:15:36 | DEBUG    | [Feature] Slope (lookback=3): 0.259575  points=['3064.0655', '3064.3770', '3064.5847']
15:15:36 | INFO     | [Strategy] slope=0.259575  threshold=10.0  BELOW — entry ✅
15:15:36 | INFO     | [Strategy] ✅ ENTRY SIGNAL triggered
15:15:36 | INFO     | [Bot] 🚀 Opening straddle — trade #1
15:15:36 | INFO     | [OrderMgr] LIVE SELL 50x C-BTC-78000-220526 (product_id=180474)
15:15:36 | DEBUG    | [OrderMgr] live_sell raw response: {'bracket_stop_loss_price': None, 'reduce_only': False, 'quote_size': None, 'bracket_take_profit_price': None, 'product_id': 180474, 'mmp': 'disabled', 'created_at': '2026-05-17T09:45:37.286527Z', 'trail_amount': None, 'client_order_id': None, 'size': 50, 'bracket_stop_loss_limit_price': None, 'commission': '0', 'paid_commission': '1.24463161', 'time_in_force': 'ioc', 'bracket_order': None, 'unfilled_size': 0, 'stop_trigger_method': None, 'updated_at': '2026-05-17T09:45:37.398457Z', 'stop_price': None, 'cancellation_reason': None, 'margin_mode': 'isolated', 'product_symbol': 'C-BTC-78000-220526', 'bracket_trail_amount': None, 'id': 2160686735, 'limit_price': '661', 'user_id': 35564246, 'state': 'closed', 'bracket_take_profit_limit_price': None, 'side': 'sell', 'meta_data': {'cashflow': '79.5', 'ip': '122.183.40.21', 'otc': False, 'pnl': '-0', 'source': 'api'}, 'average_fill_price': '1590', 'order_type': 'market_order', 'stop_order_type': None}
15:15:36 | INFO     | [OrderMgr] LIVE SELL confirmed | order_id=2160686735  fill=$1590.0000
15:15:36 | INFO     | [OrderMgr] LIVE SELL 50x P-BTC-78000-220526 (product_id=180451)
15:15:37 | DEBUG    | [OrderMgr] live_sell raw response: {'bracket_stop_loss_price': None, 'reduce_only': False, 'quote_size': None, 'bracket_take_profit_price': None, 'product_id': 180451, 'mmp': 'disabled', 'created_at': '2026-05-17T09:45:37.733341Z', 'trail_amount': None, 'client_order_id': None, 'size': 50, 'bracket_stop_loss_limit_price': None, 'commission': '0', 'paid_commission': '1.24463161', 'time_in_force': 'ioc', 'bracket_order': None, 'unfilled_size': 0, 'stop_trigger_method': None, 'updated_at': '2026-05-17T09:45:37.846935Z', 'stop_price': None, 'cancellation_reason': None, 'margin_mode': 'isolated', 'product_symbol': 'P-BTC-78000-220526', 'bracket_trail_amount': None, 'id': 2160686736, 'limit_price': '596', 'user_id': 35564246, 'state': 'closed', 'bracket_take_profit_limit_price': None, 'side': 'sell', 'meta_data': {'cashflow': '72.25', 'ip': '122.183.40.21', 'otc': False, 'pnl': '-0', 'source': 'api'}, 'average_fill_price': '1445', 'order_type': 'market_order', 'stop_order_type': None}
15:15:37 | INFO     | [OrderMgr] LIVE SELL confirmed | order_id=2160686736  fill=$1445.0000
15:15:37 | DEBUG    | [PositionMgr] open_straddle: id=1  strike=78000
15:15:37 | INFO     | =======================================================
15:15:37 | INFO     | [PositionMgr] 📌 LIVE SELL Straddle — Trade #1
15:15:37 | INFO     |   Strike        : 78000
15:15:37 | INFO     |   CALL symbol   : C-BTC-78000-220526
15:15:37 | INFO     |   CALL mark     : $1607.4813
15:15:37 | INFO     |   CALL fill     : $1590.0000
15:15:37 | INFO     |   CALL SL       : $1637.7000  (+3% on fill)
15:15:37 | INFO     |   PUT  symbol   : P-BTC-78000-220526
15:15:37 | INFO     |   PUT  mark     : $1466.0156
15:15:37 | INFO     |   PUT  fill     : $1445.0000
15:15:37 | INFO     |   PUT  SL       : $1488.3500  (+3% on fill)
15:15:37 | INFO     |   Mark prem     : $3073.4968
15:15:37 | INFO     |   Actual prem   : $3035.0000  (slip $-38.4968)
15:15:37 | INFO     |   Entry time    : 09:45:37 UTC
15:15:37 | INFO     | =======================================================
15:15:37 | INFO     | [Bot] Starting SL monitor thread for trade #1
15:15:37 | INFO     | [Bot] 🔍 SL monitor started — trade #1
15:15:37 | DEBUG    | [Bot] SL poll #1 — trade #1
15:15:37 | DEBUG    | [DataFeed] get_position_size(C-BTC-78000-220526, product_id=180474)
15:15:37 | DEBUG    | [HTTP] get_position_size(C-BTC-78000-220526) → status=200
15:15:37 | DEBUG    | [HTTP] get_position_size(C-BTC-78000-220526) → body={"success":true,"result":{"size":-50,"entry_price":"1590.00000000"}}
15:15:37 | DEBUG    | [DataFeed] position_size(C-BTC-78000-220526) = -50
15:15:37 | DEBUG    | [PositionMgr] reconcile: C-BTC-78000-220526 exchange_size=-50 — still open
15:15:37 | DEBUG    | [DataFeed] get_position_size(P-BTC-78000-220526, product_id=180451)
15:15:37 | DEBUG    | [HTTP] get_position_size(P-BTC-78000-220526) → status=200
15:15:37 | DEBUG    | [HTTP] get_position_size(P-BTC-78000-220526) → body={"success":true,"result":{"size":-50,"entry_price":"1445.00000000"}}
15:15:37 | DEBUG    | [DataFeed] position_size(P-BTC-78000-220526) = -50
15:15:37 | DEBUG    | [PositionMgr] reconcile: P-BTC-78000-220526 exchange_size=-50 — still open
15:15:37 | DEBUG    | [PositionMgr] SL poll — trade #1
15:15:37 | DEBUG    | [DataFeed] get_mark_price(C-BTC-78000-220526)
15:15:38 | DEBUG    | [DataFeed] get_ticker(C-BTC-78000-220526) raw: {'top_tag': '', 'ltp_change_24h': '-9.7493', 'tags': ['New'], 'tick_size': '0.500000000000000000', 'underlying_asset_symbol': 'BTC', 'price_band': {'lower_limit': '663.68060327', 'upper_limit': '3147.17430696'}, 'product_id': 180474, 'open': 1795.0, 'symbol': 'C-BTC-78000-220526', 'time': '2026-05-16T09:44:36.553679309Z', 'spot_price': '78131.4', 'turnover_symbol': 'USD', 'sort_priority': 2, 'size': 11622, 'turnover_usd': 907691.1387000004, 'mark_vol': '0.41912488', 'low': 1515.0, 'close': 1620.0, 'leverage': 100, 'strike_price': '78000', 'oi_value': '2.7130', 'oi_contracts': '2713', 'timestamp': 1779011137235295, 'quotes': {'mark_iv': '0.4190772', 'bid_iv': '0.41396635', 'best_bid': '1590', 'best_ask': '1620', 'ask_iv': '0.422128', 'impact_mid_price': None, 'ask_size': '2122', 'bid_size': '2858'}, 'oi_change_usd_6h': '0.0000', 'oi_value_usd': '211966.6900', 'description': 'BTC  Call', 'mark_change_24h': '-9.5703', 'oi_value_symbol': 'BTC', 'volume': 11.622000000000007, 'oi': '2.7130', 'turnover': 907691.1387000004, 'product_trading_status': 'operational', 'contract_type': 'call_options', 'high': 1855.0, 'greeks': {'delta': '0.52353980', 'theta': '-151.18185495', 'spot': '78132.5', 'vega': '36.75707791', 'rho': '5.48367957', 'gamma': '0.00010298'}, 'contract_value': '0.001000000000000000', 'mark_price': '1608.95971472'}
15:15:38 | DEBUG    | [DataFeed] mark_price(C-BTC-78000-220526) = 1608.9597
15:15:38 | DEBUG    | [PositionMgr]   CALL C-BTC-78000-220526: ltp=$1608.9597  sl=$1637.7000  entry=$1607.4813  move=+0.09%
15:15:38 | DEBUG    | [DataFeed] get_mark_price(P-BTC-78000-220526)
15:15:38 | DEBUG    | [DataFeed] get_ticker(P-BTC-78000-220526) raw: {'top_tag': '', 'ltp_change_24h': '-8.9506', 'tags': ['New'], 'tick_size': '0.500000000000000000', 'underlying_asset_symbol': 'BTC', 'price_band': {'lower_limit': '595.50521486', 'upper_limit': '2995.5512745'}, 'product_id': 180451, 'open': 1620.0, 'symbol': 'P-BTC-78000-220526', 'time': '2026-05-16T09:44:36.553679309Z', 'spot_price': '78131.4', 'turnover_symbol': 'USD', 'sort_priority': 2, 'size': 10073, 'turnover_usd': 786629.6390000002, 'mark_vol': '0.4159965', 'low': 1390.0, 'close': 1475.0, 'leverage': 100, 'strike_price': '78000', 'oi_value': '4.6870', 'oi_contracts': '4687', 'timestamp': 1779011137235295, 'quotes': {'mark_iv': '0.41595792', 'bid_iv': '0.41162679', 'best_bid': '1450', 'best_ask': '1480', 'ask_iv': '0.41978841', 'impact_mid_price': None, 'ask_size': '2073', 'bid_size': '2858'}, 'oi_change_usd_6h': '0.0000', 'oi_value_usd': '366195.3100', 'description': 'BTC  Put', 'mark_change_24h': '-10.6310', 'oi_value_symbol': 'BTC', 'volume': 10.072999999999993, 'oi': '4.6870', 'turnover': 786629.6390000002, 'product_trading_status': 'operational', 'contract_type': 'put_options', 'high': 1825.0, 'greeks': {'delta': '-0.47667532', 'theta': '-150.27930263', 'spot': '78130.2', 'vega': '36.75724622', 'rho': '-5.40186562', 'gamma': '0.00010361'}, 'contract_value': '0.001000000000000000', 'mark_price': '1464.96066928'}
15:15:38 | DEBUG    | [DataFeed] mark_price(P-BTC-78000-220526) = 1464.9607
15:15:38 | DEBUG    | [PositionMgr]   PUT P-BTC-78000-220526: ltp=$1464.9607  sl=$1488.3500  entry=$1466.0156  move=-0.07%
15:15:38 | DEBUG    | [Bot] Trade #1 still open — next check in 15s
15:15:53 | DEBUG    | [Bot] SL poll #2 — trade #1
15:15:53 | DEBUG    | [DataFeed] get_position_size(C-BTC-78000-220526, product_id=180474)
15:15:53 | DEBUG    | [HTTP] get_position_size(C-BTC-78000-220526) → status=200
15:15:53 | DEBUG    | [HTTP] get_position_size(C-BTC-78000-220526) → body={"success":true,"result":{"size":-50,"entry_price":"1590.00000000"}}
15:15:53 | DEBUG    | [DataFeed] position_size(C-BTC-78000-220526) = -50
15:15:53 | DEBUG    | [PositionMgr] reconcile: C-BTC-78000-220526 exchange_size=-50 — still open
15:15:53 | DEBUG    | [DataFeed] get_position_size(P-BTC-78000-220526, product_id=180451)
15:15:53 | DEBUG    | [HTTP] get_position_size(P-BTC-78000-220526) → status=200
15:15:53 | DEBUG    | [HTTP] get_position_size(P-BTC-78000-220526) → body={"success":true,"result":{"size":-50,"entry_price":"1445.00000000"}}
15:15:53 | DEBUG    | [DataFeed] position_size(P-BTC-78000-220526) = -50
15:15:53 | DEBUG    | [PositionMgr] reconcile: P-BTC-78000-220526 exchange_size=-50 — still open
15:15:53 | DEBUG    | [PositionMgr] SL poll — trade #1
15:15:53 | DEBUG    | [DataFeed] get_mark_price(C-BTC-78000-220526)
15:15:54 | DEBUG    | [DataFeed] get_ticker(C-BTC-78000-220526) raw: {'top_tag': '', 'ltp_change_24h': '-11.4206', 'tags': ['New'], 'tick_size': '0.500000000000000000', 'underlying_asset_symbol': 'BTC', 'price_band': {'lower_limit': '663.68060327', 'upper_limit': '3147.17430696'}, 'product_id': 180474, 'open': 1795.0, 'symbol': 'C-BTC-78000-220526', 'time': '2026-05-16T09:44:36.553679309Z', 'spot_price': '78141', 'turnover_symbol': 'USD', 'sort_priority': 2, 'size': 11622, 'turnover_usd': 907691.1387000004, 'mark_vol': '0.41911047', 'low': 1515.0, 'close': 1590.0, 'leverage': 100, 'strike_price': '78000', 'oi_value': '2.7630', 'oi_contracts': '2763', 'timestamp': 1779011153509581, 'quotes': {'mark_iv': '0.41920269', 'bid_iv': '0.41287623', 'best_bid': '1590', 'best_ask': '1620', 'ask_iv': '0.42103823', 'impact_mid_price': None, 'ask_size': '2125', 'bid_size': '2806'}, 'oi_change_usd_6h': '0.0000', 'oi_value_usd': '215876.7819', 'description': 'BTC  Call', 'mark_change_24h': '-9.2523', 'oi_value_symbol': 'BTC', 'volume': 11.622000000000007, 'oi': '2.7630', 'turnover': 907691.1387000004, 'product_trading_status': 'operational', 'contract_type': 'call_options', 'high': 1855.0, 'greeks': {'delta': '0.52434524', 'theta': '-150.77446839', 'spot': '78140.2', 'vega': '36.75556752', 'rho': '5.49284399', 'gamma': '0.00010324'}, 'contract_value': '0.001000000000000000', 'mark_price': '1613.33396981'}
15:15:54 | DEBUG    | [DataFeed] mark_price(C-BTC-78000-220526) = 1613.3340
15:15:54 | DEBUG    | [PositionMgr]   CALL C-BTC-78000-220526: ltp=$1613.3340  sl=$1637.7000  entry=$1607.4813  move=+0.36%
15:15:54 | DEBUG    | [DataFeed] get_mark_price(P-BTC-78000-220526)
15:15:54 | DEBUG    | [DataFeed] get_ticker(P-BTC-78000-220526) raw: {'top_tag': '', 'ltp_change_24h': '-10.8025', 'tags': ['New'], 'tick_size': '0.500000000000000000', 'underlying_asset_symbol': 'BTC', 'price_band': {'lower_limit': '594.70647214', 'upper_limit': '2989.9169314'}, 'product_id': 180451, 'open': 1620.0, 'symbol': 'P-BTC-78000-220526', 'time': '2026-05-16T09:44:36.553679309Z', 'spot_price': '78141', 'turnover_symbol': 'USD', 'sort_priority': 2, 'size': 10073, 'turnover_usd': 786629.6390000002, 'mark_vol': '0.41596014', 'low': 1390.0, 'close': 1445.0, 'leverage': 100, 'strike_price': '78000', 'oi_value': '4.7370', 'oi_contracts': '4737', 'timestamp': 1779011153509581, 'quotes': {'mark_iv': '0.41598033', 'bid_iv': '0.41092155', 'best_bid': '1445', 'best_ask': '1475', 'ask_iv': '0.41908342', 'impact_mid_price': None, 'ask_size': '2077', 'bid_size': '2806'}, 'oi_change_usd_6h': '0.0000', 'oi_value_usd': '370107.9681', 'description': 'BTC  Put', 'mark_change_24h': '-10.9397', 'oi_value_symbol': 'BTC', 'volume': 10.072999999999993, 'oi': '4.7370', 'turnover': 786629.6390000002, 'product_trading_status': 'operational', 'contract_type': 'put_options', 'high': 1825.0, 'greeks': {'delta': '-0.47615236', 'theta': '-150.10696659', 'spot': '78135.2', 'vega': '36.75611668', 'rho': '-5.39573054', 'gamma': '0.00010372'}, 'contract_value': '0.001000000000000000', 'mark_price': '1460.75471871'}
15:15:54 | DEBUG    | [DataFeed] mark_price(P-BTC-78000-220526) = 1460.7547
15:15:54 | DEBUG    | [PositionMgr]   PUT P-BTC-78000-220526: ltp=$1460.7547  sl=$1488.3500  entry=$1466.0156  move=-0.36%
15:15:54 | DEBUG    | [Bot] Trade #1 still open — next check in 15s
15:16:09 | DEBUG    | [Bot] SL poll #3 — trade #1
15:16:09 | DEBUG    | [DataFeed] get_position_size(C-BTC-78000-220526, product_id=180474)
15:16:10 | DEBUG    | [HTTP] get_position_size(C-BTC-78000-220526) → status=200
15:16:10 | DEBUG    | [HTTP] get_position_size(C-BTC-78000-220526) → body={"success":true,"result":{"size":-50,"entry_price":"1590.00000000"}}
15:16:10 | DEBUG    | [DataFeed] position_size(C-BTC-78000-220526) = -50
15:16:10 | DEBUG    | [PositionMgr] reconcile: C-BTC-78000-220526 exchange_size=-50 — still open
15:16:10 | DEBUG    | [DataFeed] get_position_size(P-BTC-78000-220526, product_id=180451)
15:16:10 | DEBUG    | [HTTP] get_position_size(P-BTC-78000-220526) → status=200
15:16:10 | DEBUG    | [HTTP] get_position_size(P-BTC-78000-220526) → body={"success":true,"result":{"size":-50,"entry_price":"1445.00000000"}}
15:16:10 | DEBUG    | [DataFeed] position_size(P-BTC-78000-220526) = -50
15:16:10 | DEBUG    | [PositionMgr] reconcile: P-BTC-78000-220526 exchange_size=-50 — still open
15:16:10 | DEBUG    | [PositionMgr] SL poll — trade #1
15:16:10 | DEBUG    | [DataFeed] get_mark_price(C-BTC-78000-220526)
15:16:10 | DEBUG    | [DataFeed] get_ticker(C-BTC-78000-220526) raw: {'top_tag': '', 'ltp_change_24h': '-11.4206', 'tags': ['New'], 'tick_size': '0.500000000000000000', 'underlying_asset_symbol': 'BTC', 'price_band': {'lower_limit': '666.06574727', 'upper_limit': '3150.83248655'}, 'product_id': 180474, 'open': 1795.0, 'symbol': 'C-BTC-78000-220526', 'time': '2026-05-16T09:44:36.553679309Z', 'spot_price': '78136.2', 'turnover_symbol': 'USD', 'sort_priority': 2, 'size': 11622, 'turnover_usd': 907691.1387000004, 'mark_vol': '0.41898012', 'low': 1515.0, 'close': 1590.0, 'leverage': 100, 'strike_price': '78000', 'oi_value': '2.7630', 'oi_contracts': '2763', 'timestamp': 1779011168692696, 'quotes': {'mark_iv': '0.41902844', 'bid_iv': '0.4134537', 'best_bid': '1590', 'best_ask': '1625', 'ask_iv': '0.42297606', 'impact_mid_price': None, 'ask_size': '2125', 'bid_size': '2806'}, 'oi_change_usd_6h': '0.0000', 'oi_value_usd': '215876.7819', 'description': 'BTC  Call', 'mark_change_24h': '-9.4943', 'oi_value_symbol': 'BTC', 'volume': 11.622000000000007, 'oi': '2.7630', 'turnover': 907691.1387000004, 'product_trading_status': 'operational', 'contract_type': 'call_options', 'high': 1855.0, 'greeks': {'delta': '0.52392072', 'theta': '-151.19475902', 'spot': '78136.2', 'vega': '36.75543127', 'rho': '5.48744099', 'gamma': '0.00010297'}, 'contract_value': '0.001000000000000000', 'mark_price': '1610.31103395'}
15:16:10 | DEBUG    | [DataFeed] mark_price(C-BTC-78000-220526) = 1610.3110
15:16:10 | DEBUG    | [PositionMgr]   CALL C-BTC-78000-220526: ltp=$1610.3110  sl=$1637.7000  entry=$1607.4813  move=+0.18%
15:16:10 | DEBUG    | [DataFeed] get_mark_price(P-BTC-78000-220526)
15:16:11 | DEBUG    | [DataFeed] get_ticker(P-BTC-78000-220526) raw: {'top_tag': '', 'ltp_change_24h': '-10.8025', 'tags': ['New'], 'tick_size': '0.500000000000000000', 'underlying_asset_symbol': 'BTC', 'price_band': {'lower_limit': '594.70647214', 'upper_limit': '2989.9169314'}, 'product_id': 180451, 'open': 1620.0, 'symbol': 'P-BTC-78000-220526', 'time': '2026-05-16T09:44:36.553679309Z', 'spot_price': '78136.2', 'turnover_symbol': 'USD', 'sort_priority': 2, 'size': 10073, 'turnover_usd': 786629.6390000002, 'mark_vol': '0.4159656', 'low': 1390.0, 'close': 1445.0, 'leverage': 100, 'strike_price': '78000', 'oi_value': '4.7370', 'oi_contracts': '4737', 'timestamp': 1779011168692696, 'quotes': {'mark_iv': '0.4159318', 'bid_iv': '0.4110715', 'best_bid': '1445', 'best_ask': '1475', 'ask_iv': '0.41923354', 'impact_mid_price': None, 'ask_size': '2077', 'bid_size': '2806'}, 'oi_change_usd_6h': '0.0000', 'oi_value_usd': '370107.9681', 'description': 'BTC  Put', 'mark_change_24h': '-10.7486', 'oi_value_symbol': 'BTC', 'volume': 10.072999999999993, 'oi': '4.7370', 'turnover': 786629.6390000002, 'product_trading_status': 'operational', 'contract_type': 'put_options', 'high': 1825.0, 'greeks': {'delta': '-0.47603930', 'theta': '-150.14739887', 'spot': '78136.3', 'vega': '36.75534029', 'rho': '-5.39435207', 'gamma': '0.00010369'}, 'contract_value': '0.001000000000000000', 'mark_price': '1463.03100721'}
15:16:11 | DEBUG    | [DataFeed] mark_price(P-BTC-78000-220526) = 1463.0310
15:16:11 | DEBUG    | [PositionMgr]   PUT P-BTC-78000-220526: ltp=$1463.0310  sl=$1488.3500  entry=$1466.0156  move=-0.20%
15:16:11 | DEBUG    | [Bot] Trade #1 still open — next check in 15s
15:16:26 | DEBUG    | [Bot] SL poll #4 — trade #1
15:16:26 | DEBUG    | [DataFeed] get_position_size(C-BTC-78000-220526, product_id=180474)
15:16:26 | DEBUG    | [HTTP] get_position_size(C-BTC-78000-220526) → status=200
15:16:26 | DEBUG    | [HTTP] get_position_size(C-BTC-78000-220526) → body={"success":true,"result":{"size":-50,"entry_price":"1590.00000000"}}
15:16:26 | DEBUG    | [DataFeed] position_size(C-BTC-78000-220526) = -50
15:16:26 | DEBUG    | [PositionMgr] reconcile: C-BTC-78000-220526 exchange_size=-50 — still open
15:16:26 | DEBUG    | [DataFeed] get_position_size(P-BTC-78000-220526, product_id=180451)
15:16:26 | DEBUG    | [HTTP] get_position_size(P-BTC-78000-220526) → status=200
15:16:26 | DEBUG    | [HTTP] get_position_size(P-BTC-78000-220526) → body={"success":true,"result":{"size":-50,"entry_price":"1445.00000000"}}
15:16:26 | DEBUG    | [DataFeed] position_size(P-BTC-78000-220526) = -50
15:16:26 | DEBUG    | [PositionMgr] reconcile: P-BTC-78000-220526 exchange_size=-50 — still open
15:16:26 | DEBUG    | [PositionMgr] SL poll — trade #1
15:16:26 | DEBUG    | [DataFeed] get_mark_price(C-BTC-78000-220526)
15:16:27 | DEBUG    | [DataFeed] get_ticker(C-BTC-78000-220526) raw: {'top_tag': '', 'ltp_change_24h': '-11.4206', 'tags': ['New'], 'tick_size': '0.500000000000000000', 'underlying_asset_symbol': 'BTC', 'price_band': {'lower_limit': '666.06574727', 'upper_limit': '3150.83248655'}, 'product_id': 180474, 'open': 1795.0, 'symbol': 'C-BTC-78000-220526', 'time': '2026-05-16T09:44:36.553679309Z', 'spot_price': '78134.8', 'turnover_symbol': 'USD', 'sort_priority': 2, 'size': 11622, 'turnover_usd': 907691.1387000004, 'mark_vol': '0.41885688', 'low': 1515.0, 'close': 1590.0, 'leverage': 100, 'strike_price': '78000', 'oi_value': '2.7630', 'oi_contracts': '2763', 'timestamp': 1779011186979878, 'quotes': {'mark_iv': '0.41891027', 'bid_iv': '0.41366264', 'best_bid': '1590', 'best_ask': '1620', 'ask_iv': '0.42182482', 'impact_mid_price': None, 'ask_size': '2125', 'bid_size': '2805'}, 'oi_change_usd_6h': '0.0000', 'oi_value_usd': '215876.7819', 'description': 'BTC  Call', 'mark_change_24h': '-9.5517', 'oi_value_symbol': 'BTC', 'volume': 11.622000000000007, 'oi': '2.7630', 'turnover': 907691.1387000004, 'product_trading_status': 'operational', 'contract_type': 'call_options', 'high': 1855.0, 'greeks': {'delta': '0.52377976', 'theta': '-151.08261348', 'spot': '78134.8', 'vega': '36.75471568', 'rho': '5.48582464', 'gamma': '0.00010306'}, 'contract_value': '0.001000000000000000', 'mark_price': '1609.28771754'}
15:16:27 | DEBUG    | [DataFeed] mark_price(C-BTC-78000-220526) = 1609.2877
15:16:27 | DEBUG    | [PositionMgr]   CALL C-BTC-78000-220526: ltp=$1609.2877  sl=$1637.7000  entry=$1607.4813  move=+0.11%
15:16:27 | DEBUG    | [DataFeed] get_mark_price(P-BTC-78000-220526)
15:16:27 | DEBUG    | [DataFeed] get_ticker(P-BTC-78000-220526) raw: {'top_tag': '', 'ltp_change_24h': '-10.8025', 'tags': ['New'], 'tick_size': '0.500000000000000000', 'underlying_asset_symbol': 'BTC', 'price_band': {'lower_limit': '592.98569207', 'upper_limit': '2992.46290212'}, 'product_id': 180451, 'open': 1620.0, 'symbol': 'P-BTC-78000-220526', 'time': '2026-05-16T09:44:36.553679309Z', 'spot_price': '78134.8', 'turnover_symbol': 'USD', 'sort_priority': 2, 'size': 10073, 'turnover_usd': 786629.6390000002, 'mark_vol': '0.41601872', 'low': 1390.0, 'close': 1445.0, 'leverage': 100, 'strike_price': '78000', 'oi_value': '4.7370', 'oi_contracts': '4737', 'timestamp': 1779011186979878, 'quotes': {'mark_iv': '0.415973', 'bid_iv': '0.41088654', 'best_bid': '1445', 'best_ask': '1475', 'ask_iv': '0.41904874', 'impact_mid_price': None, 'ask_size': '2079', 'bid_size': '2781'}, 'oi_change_usd_6h': '0.0000', 'oi_value_usd': '370124.5476', 'description': 'BTC  Put', 'mark_change_24h': '-10.6979', 'oi_value_symbol': 'BTC', 'volume': 10.072999999999993, 'oi': '4.7370', 'turnover': 786629.6390000002, 'product_trading_status': 'operational', 'contract_type': 'put_options', 'high': 1825.0, 'greeks': {'delta': '-0.47619269', 'theta': '-150.07822887', 'spot': '78134.8', 'vega': '36.75464748', 'rho': '-5.39567033', 'gamma': '0.00010375'}, 'contract_value': '0.001000000000000000', 'mark_price': '1463.85986233'}
15:16:27 | DEBUG    | [DataFeed] mark_price(P-BTC-78000-220526) = 1463.8599
15:16:27 | DEBUG    | [PositionMgr]   PUT P-BTC-78000-220526: ltp=$1463.8599  sl=$1488.3500  entry=$1466.0156  move=-0.15%
15:16:27 | DEBUG    | [Bot] Trade #1 still open — next check in 15s
15:16:42 | DEBUG    | [Bot] SL poll #5 — trade #1
15:16:42 | DEBUG    | [DataFeed] get_position_size(C-BTC-78000-220526, product_id=180474)
15:16:43 | DEBUG    | [HTTP] get_position_size(C-BTC-78000-220526) → status=200
15:16:43 | DEBUG    | [HTTP] get_position_size(C-BTC-78000-220526) → body={"success":true,"result":{"size":-50,"entry_price":"1590.00000000"}}
15:16:43 | DEBUG    | [DataFeed] position_size(C-BTC-78000-220526) = -50
15:16:43 | DEBUG    | [PositionMgr] reconcile: C-BTC-78000-220526 exchange_size=-50 — still open
15:16:43 | DEBUG    | [DataFeed] get_position_size(P-BTC-78000-220526, product_id=180451)
15:16:43 | DEBUG    | [HTTP] get_position_size(P-BTC-78000-220526) → status=200
15:16:43 | DEBUG    | [HTTP] get_position_size(P-BTC-78000-220526) → body={"success":true,"result":{"size":-50,"entry_price":"1445.00000000"}}
15:16:43 | DEBUG    | [DataFeed] position_size(P-BTC-78000-220526) = -50
15:16:43 | DEBUG    | [PositionMgr] reconcile: P-BTC-78000-220526 exchange_size=-50 — still open
15:16:43 | DEBUG    | [PositionMgr] SL poll — trade #1
15:16:43 | DEBUG    | [DataFeed] get_mark_price(C-BTC-78000-220526)
15:16:43 | DEBUG    | [DataFeed] get_ticker(C-BTC-78000-220526) raw: {'top_tag': '', 'ltp_change_24h': '-11.4206', 'tags': ['New'], 'tick_size': '0.500000000000000000', 'underlying_asset_symbol': 'BTC', 'price_band': {'lower_limit': '664.94545274', 'upper_limit': '3148.42818581'}, 'product_id': 180474, 'open': 1795.0, 'symbol': 'C-BTC-78000-220526', 'time': '2026-05-16T09:44:36.553679309Z', 'spot_price': '78134.8', 'turnover_symbol': 'USD', 'sort_priority': 2, 'size': 11622, 'turnover_usd': 907691.1387000004, 'mark_vol': '0.41874509', 'low': 1515.0, 'close': 1590.0, 'leverage': 100, 'strike_price': '78000', 'oi_value': '2.7630', 'oi_contracts': '2763', 'timestamp': 1779011200838984, 'quotes': {'mark_iv': '0.41878143', 'bid_iv': '0.41366969', 'best_bid': '1590', 'best_ask': '1620', 'ask_iv': '0.42183201', 'impact_mid_price': None, 'ask_size': '2125', 'bid_size': '2855'}, 'oi_change_usd_6h': '0.0000', 'oi_value_usd': '215876.7819', 'description': 'BTC  Call', 'mark_change_24h': '-9.5799', 'oi_value_symbol': 'BTC', 'volume': 11.622000000000007, 'oi': '2.7630', 'turnover': 907691.1387000004, 'product_trading_status': 'operational', 'contract_type': 'call_options', 'high': 1855.0, 'greeks': {'delta': '0.52377950', 'theta': '-151.09758829', 'spot': '78134.8', 'vega': '36.75409065', 'rho': '5.48562080', 'gamma': '0.00010305'}, 'contract_value': '0.001000000000000000', 'mark_price': '1608.78967976'}
15:16:43 | DEBUG    | [DataFeed] mark_price(C-BTC-78000-220526) = 1608.7897
15:16:43 | DEBUG    | [PositionMgr]   CALL C-BTC-78000-220526: ltp=$1608.7897  sl=$1637.7000  entry=$1607.4813  move=+0.08%
15:16:43 | DEBUG    | [DataFeed] get_mark_price(P-BTC-78000-220526)
15:16:44 | DEBUG    | [DataFeed] get_ticker(P-BTC-78000-220526) raw: {'top_tag': '', 'ltp_change_24h': '-10.8025', 'tags': ['New'], 'tick_size': '0.500000000000000000', 'underlying_asset_symbol': 'BTC', 'price_band': {'lower_limit': '592.98569207', 'upper_limit': '2992.46290212'}, 'product_id': 180451, 'open': 1620.0, 'symbol': 'P-BTC-78000-220526', 'time': '2026-05-16T09:44:36.553679309Z', 'spot_price': '78134.8', 'turnover_symbol': 'USD', 'sort_priority': 2, 'size': 10073, 'turnover_usd': 786629.6390000002, 'mark_vol': '0.41596596', 'low': 1390.0, 'close': 1445.0, 'leverage': 100, 'strike_price': '78000', 'oi_value': '4.7370', 'oi_contracts': '4737', 'timestamp': 1779011200838984, 'quotes': {'mark_iv': '0.41602168', 'bid_iv': '0.41089354', 'best_bid': '1445', 'best_ask': '1475', 'ask_iv': '0.41905588', 'impact_mid_price': None, 'ask_size': '2079', 'bid_size': '2855'}, 'oi_change_usd_6h': '0.0000', 'oi_value_usd': '370124.5476', 'description': 'BTC  Put', 'mark_change_24h': '-10.7114', 'oi_value_symbol': 'BTC', 'volume': 10.072999999999993, 'oi': '4.7370', 'turnover': 786629.6390000002, 'product_trading_status': 'operational', 'contract_type': 'put_options', 'high': 1825.0, 'greeks': {'delta': '-0.47619315', 'theta': '-150.09970223', 'spot': '78134.8', 'vega': '36.75402352', 'rho': '-5.39551463', 'gamma': '0.00010373'}, 'contract_value': '0.001000000000000000', 'mark_price': '1463.64162175'}
15:16:44 | DEBUG    | [DataFeed] mark_price(P-BTC-78000-220526) = 1463.6416
15:16:44 | DEBUG    | [PositionMgr]   PUT P-BTC-78000-220526: ltp=$1463.6416  sl=$1488.3500  entry=$1466.0156  move=-0.16%
15:16:44 | DEBUG    | [Bot] Trade #1 still open — next check in 15s
15:16:59 | DEBUG    | [Bot] SL poll #6 — trade #1
15:16:59 | DEBUG    | [DataFeed] get_position_size(C-BTC-78000-220526, product_id=180474)
15:16:59 | DEBUG    | [HTTP] get_position_size(C-BTC-78000-220526) → status=200
15:16:59 | DEBUG    | [HTTP] get_position_size(C-BTC-78000-220526) → body={"success":true,"result":{"size":-50,"entry_price":"1590.00000000"}}
15:16:59 | DEBUG    | [DataFeed] position_size(C-BTC-78000-220526) = -50
15:16:59 | DEBUG    | [PositionMgr] reconcile: C-BTC-78000-220526 exchange_size=-50 — still open
15:16:59 | DEBUG    | [DataFeed] get_position_size(P-BTC-78000-220526, product_id=180451)
15:16:59 | DEBUG    | [HTTP] get_position_size(P-BTC-78000-220526) → status=200
15:16:59 | DEBUG    | [HTTP] get_position_size(P-BTC-78000-220526) → body={"success":true,"result":{"size":-50,"entry_price":"1445.00000000"}}
15:16:59 | DEBUG    | [DataFeed] position_size(P-BTC-78000-220526) = -50
15:16:59 | DEBUG    | [PositionMgr] reconcile: P-BTC-78000-220526 exchange_size=-50 — still open
15:16:59 | DEBUG    | [PositionMgr] SL poll — trade #1
15:16:59 | DEBUG    | [DataFeed] get_mark_price(C-BTC-78000-220526)
15:17:00 | DEBUG    | [DataFeed] get_ticker(C-BTC-78000-220526) raw: {'top_tag': '', 'ltp_change_24h': '-11.4206', 'tags': ['New'], 'tick_size': '0.500000000000000000', 'underlying_asset_symbol': 'BTC', 'price_band': {'lower_limit': '664.92985498', 'upper_limit': '3148.91159172'}, 'product_id': 180474, 'open': 1795.0, 'symbol': 'C-BTC-78000-220526', 'time': '2026-05-16T09:44:36.553679309Z', 'spot_price': '78134.8', 'turnover_symbol': 'USD', 'sort_priority': 2, 'size': 11622, 'turnover_usd': 907691.1387000004, 'mark_vol': '0.41893695', 'low': 1515.0, 'close': 1590.0, 'leverage': 100, 'strike_price': '78000', 'oi_value': '2.7630', 'oi_contracts': '2763', 'timestamp': 1779011219368112, 'quotes': {'mark_iv': '0.41887151', 'bid_iv': '0.41367674', 'best_bid': '1590', 'best_ask': '1625', 'ask_iv': '0.4231996', 'impact_mid_price': None, 'ask_size': '2125', 'bid_size': '2855'}, 'oi_change_usd_6h': '0.0000', 'oi_value_usd': '215876.7819', 'description': 'BTC  Call', 'mark_change_24h': '-9.5495', 'oi_value_symbol': 'BTC', 'volume': 11.622000000000007, 'oi': '2.7630', 'turnover': 907691.1387000004, 'product_trading_status': 'operational', 'contract_type': 'call_options', 'high': 1855.0, 'greeks': {'delta': '0.52377438', 'theta': '-151.29424103', 'spot': '78134.8', 'vega': '36.75349230', 'rho': '5.48510609', 'gamma': '0.00010292'}, 'contract_value': '0.001000000000000000', 'mark_price': '1609.32978802'}
15:17:00 | DEBUG    | [DataFeed] mark_price(C-BTC-78000-220526) = 1609.3298
15:17:00 | DEBUG    | [PositionMgr]   CALL C-BTC-78000-220526: ltp=$1609.3298  sl=$1637.7000  entry=$1607.4813  move=+0.11%
15:17:00 | DEBUG    | [DataFeed] get_mark_price(P-BTC-78000-220526)
15:17:00 | DEBUG    | [DataFeed] get_ticker(P-BTC-78000-220526) raw: {'top_tag': '', 'ltp_change_24h': '-10.8025', 'tags': ['New'], 'tick_size': '0.500000000000000000', 'underlying_asset_symbol': 'BTC', 'price_band': {'lower_limit': '592.9699297', 'upper_limit': '2992.56784019'}, 'product_id': 180451, 'open': 1620.0, 'symbol': 'P-BTC-78000-220526', 'time': '2026-05-16T09:44:36.553679309Z', 'spot_price': '78134.8', 'turnover_symbol': 'USD', 'sort_priority': 2, 'size': 10073, 'turnover_usd': 786629.6390000002, 'mark_vol': '0.41599321', 'low': 1390.0, 'close': 1445.0, 'leverage': 100, 'strike_price': '78000', 'oi_value': '4.7370', 'oi_contracts': '4737', 'timestamp': 1779011219368112, 'quotes': {'mark_iv': '0.41600146', 'bid_iv': '0.41090055', 'best_bid': '1445', 'best_ask': '1475', 'ask_iv': '0.41906302', 'impact_mid_price': None, 'ask_size': '2079', 'bid_size': '2855'}, 'oi_change_usd_6h': '0.0000', 'oi_value_usd': '370124.5476', 'description': 'BTC  Put', 'mark_change_24h': '-10.7072', 'oi_value_symbol': 'BTC', 'volume': 10.072999999999993, 'oi': '4.7370', 'turnover': 786629.6390000002, 'product_trading_status': 'operational', 'contract_type': 'put_options', 'high': 1825.0, 'greeks': {'delta': '-0.47619315', 'theta': '-150.10489318', 'spot': '78134.8', 'vega': '36.75339705', 'rho': '-5.39533082', 'gamma': '0.00010373'}, 'contract_value': '0.001000000000000000', 'mark_price': '1463.7105028'}
15:17:00 | DEBUG    | [DataFeed] mark_price(P-BTC-78000-220526) = 1463.7105
15:17:00 | DEBUG    | [PositionMgr]   PUT P-BTC-78000-220526: ltp=$1463.7105  sl=$1488.3500  entry=$1466.0156  move=-0.16%
15:17:00 | DEBUG    | [Bot] Trade #1 still open — next check in 15s
15:17:15 | DEBUG    | [Bot] SL poll #7 — trade #1
15:17:15 | DEBUG    | [DataFeed] get_position_size(C-BTC-78000-220526, product_id=180474)
15:17:15 | DEBUG    | [HTTP] get_position_size(C-BTC-78000-220526) → status=200
15:17:15 | DEBUG    | [HTTP] get_position_size(C-BTC-78000-220526) → body={"success":true,"result":{"size":-50,"entry_price":"1590.00000000"}}
15:17:15 | DEBUG    | [DataFeed] position_size(C-BTC-78000-220526) = -50
15:17:15 | DEBUG    | [PositionMgr] reconcile: C-BTC-78000-220526 exchange_size=-50 — still open
15:17:15 | DEBUG    | [DataFeed] get_position_size(P-BTC-78000-220526, product_id=180451)
15:17:16 | DEBUG    | [HTTP] get_position_size(P-BTC-78000-220526) → status=200
15:17:16 | DEBUG    | [HTTP] get_position_size(P-BTC-78000-220526) → body={"success":true,"result":{"size":-50,"entry_price":"1445.00000000"}}
15:17:16 | DEBUG    | [DataFeed] position_size(P-BTC-78000-220526) = -50
15:17:16 | DEBUG    | [PositionMgr] reconcile: P-BTC-78000-220526 exchange_size=-50 — still open
15:17:16 | DEBUG    | [PositionMgr] SL poll — trade #1
15:17:16 | DEBUG    | [DataFeed] get_mark_price(C-BTC-78000-220526)
15:17:16 | DEBUG    | [DataFeed] get_ticker(C-BTC-78000-220526) raw: {'top_tag': '', 'ltp_change_24h': '-11.4206', 'tags': ['New'], 'tick_size': '0.500000000000000000', 'underlying_asset_symbol': 'BTC', 'price_band': {'lower_limit': '664.92985498', 'upper_limit': '3148.91159172'}, 'product_id': 180474, 'open': 1795.0, 'symbol': 'C-BTC-78000-220526', 'time': '2026-05-16T09:44:36.553679309Z', 'spot_price': '78136.8', 'turnover_symbol': 'USD', 'sort_priority': 2, 'size': 11622, 'turnover_usd': 907691.1387000004, 'mark_vol': '0.41912996', 'low': 1515.0, 'close': 1590.0, 'leverage': 100, 'strike_price': '78000', 'oi_value': '2.7630', 'oi_contracts': '2763', 'timestamp': 1779011234921330, 'quotes': {'mark_iv': '0.41906558', 'bid_iv': '0.41475915', 'best_bid': '1595', 'best_ask': '1625', 'ask_iv': '0.42292178', 'impact_mid_price': None, 'ask_size': '2125', 'bid_size': '2855'}, 'oi_change_usd_6h': '0.0000', 'oi_value_usd': '215876.7819', 'description': 'BTC  Call', 'mark_change_24h': '-9.4522', 'oi_value_symbol': 'BTC', 'volume': 11.622000000000007, 'oi': '2.7630', 'turnover': 907691.1387000004, 'product_trading_status': 'operational', 'contract_type': 'call_options', 'high': 1855.0, 'greeks': {'delta': '0.52397516', 'theta': '-151.48034580', 'spot': '78136.8', 'vega': '36.75269697', 'rho': '5.48684966', 'gamma': '0.00010279'}, 'contract_value': '0.001000000000000000', 'mark_price': '1611.05884178'}
15:17:16 | DEBUG    | [DataFeed] mark_price(C-BTC-78000-220526) = 1611.0588
15:17:16 | DEBUG    | [PositionMgr]   CALL C-BTC-78000-220526: ltp=$1611.0588  sl=$1637.7000  entry=$1607.4813  move=+0.22%
15:17:16 | DEBUG    | [DataFeed] get_mark_price(P-BTC-78000-220526)
15:17:16 | DEBUG    | [DataFeed] get_ticker(P-BTC-78000-220526) raw: {'top_tag': '', 'ltp_change_24h': '-10.8025', 'tags': ['New'], 'tick_size': '0.500000000000000000', 'underlying_asset_symbol': 'BTC', 'price_band': {'lower_limit': '592.9699297', 'upper_limit': '2992.56784019'}, 'product_id': 180451, 'open': 1620.0, 'symbol': 'P-BTC-78000-220526', 'time': '2026-05-16T09:44:36.553679309Z', 'spot_price': '78136.8', 'turnover_symbol': 'USD', 'sort_priority': 2, 'size': 10073, 'turnover_usd': 786629.6390000002, 'mark_vol': '0.41602187', 'low': 1390.0, 'close': 1445.0, 'leverage': 100, 'strike_price': '78000', 'oi_value': '4.7370', 'oi_contracts': '4737', 'timestamp': 1779011234921330, 'quotes': {'mark_iv': '0.41601186', 'bid_iv': '0.41116896', 'best_bid': '1445', 'best_ask': '1475', 'ask_iv': '0.41933166', 'impact_mid_price': None, 'ask_size': '2079', 'bid_size': '2855'}, 'oi_change_usd_6h': '0.0000', 'oi_value_usd': '370124.5476', 'description': 'BTC  Put', 'mark_change_24h': '-10.7626', 'oi_value_symbol': 'BTC', 'volume': 10.072999999999993, 'oi': '4.7370', 'turnover': 786629.6390000002, 'product_trading_status': 'operational', 'contract_type': 'put_options', 'high': 1825.0, 'greeks': {'delta': '-0.47598843', 'theta': '-150.20422276', 'spot': '78136.8', 'vega': '36.75236944', 'rho': '-5.39298647', 'gamma': '0.00010366'}, 'contract_value': '0.001000000000000000', 'mark_price': '1462.83578135'}
15:17:16 | DEBUG    | [DataFeed] mark_price(P-BTC-78000-220526) = 1462.8358
15:17:16 | DEBUG    | [PositionMgr]   PUT P-BTC-78000-220526: ltp=$1462.8358  sl=$1488.3500  entry=$1466.0156  move=-0.22%
15:17:16 | DEBUG    | [Bot] Trade #1 still open — next check in 15s
15:17:31 | DEBUG    | [Bot] SL poll #8 — trade #1
15:17:31 | DEBUG    | [DataFeed] get_position_size(C-BTC-78000-220526, product_id=180474)
15:17:32 | DEBUG    | [HTTP] get_position_size(C-BTC-78000-220526) → status=200
15:17:32 | DEBUG    | [HTTP] get_position_size(C-BTC-78000-220526) → body={"success":true,"result":{"size":-50,"entry_price":"1590.00000000"}}
15:17:32 | DEBUG    | [DataFeed] position_size(C-BTC-78000-220526) = -50
15:17:32 | DEBUG    | [PositionMgr] reconcile: C-BTC-78000-220526 exchange_size=-50 — still open
15:17:32 | DEBUG    | [DataFeed] get_position_size(P-BTC-78000-220526, product_id=180451)
15:17:32 | DEBUG    | [HTTP] get_position_size(P-BTC-78000-220526) → status=200
15:17:32 | DEBUG    | [HTTP] get_position_size(P-BTC-78000-220526) → body={"success":true,"result":{"size":-50,"entry_price":"1445.00000000"}}
15:17:32 | DEBUG    | [DataFeed] position_size(P-BTC-78000-220526) = -50
15:17:32 | DEBUG    | [PositionMgr] reconcile: P-BTC-78000-220526 exchange_size=-50 — still open
15:17:32 | DEBUG    | [PositionMgr] SL poll — trade #1
15:17:32 | DEBUG    | [DataFeed] get_mark_price(C-BTC-78000-220526)
15:17:32 | DEBUG    | [DataFeed] get_ticker(C-BTC-78000-220526) raw: {'top_tag': '', 'ltp_change_24h': '-11.4206', 'tags': ['New'], 'tick_size': '0.500000000000000000', 'underlying_asset_symbol': 'BTC', 'price_band': {'lower_limit': '667.72359011', 'upper_limit': '3153.78080007'}, 'product_id': 180474, 'open': 1795.0, 'symbol': 'C-BTC-78000-220526', 'time': '2026-05-16T09:44:36.553679309Z', 'spot_price': '78139.6', 'turnover_symbol': 'USD', 'sort_priority': 2, 'size': 11622, 'turnover_usd': 907691.1387000004, 'mark_vol': '0.41929132', 'low': 1515.0, 'close': 1590.0, 'leverage': 100, 'strike_price': '78000', 'oi_value': '2.7630', 'oi_contracts': '2763', 'timestamp': 1779011250236255, 'quotes': {'mark_iv': '0.41923852', 'bid_iv': '0.41430983', 'best_bid': '1595', 'best_ask': '1625', 'ask_iv': '0.42247268', 'impact_mid_price': None, 'ask_size': '2125', 'bid_size': '2855'}, 'oi_change_usd_6h': '0.0000', 'oi_value_usd': '215876.7819', 'description': 'BTC  Call', 'mark_change_24h': '-9.3379', 'oi_value_symbol': 'BTC', 'volume': 11.622000000000007, 'oi': '2.7630', 'turnover': 907691.1387000004, 'product_trading_status': 'operational', 'contract_type': 'call_options', 'high': 1855.0, 'greeks': {'delta': '0.52430901', 'theta': '-151.31948030', 'spot': '78140', 'vega': '36.75170982', 'rho': '5.49053574', 'gamma': '0.00010289'}, 'contract_value': '0.001000000000000000', 'mark_price': '1613.09305752'}
15:17:32 | DEBUG    | [DataFeed] mark_price(C-BTC-78000-220526) = 1613.0931
15:17:32 | DEBUG    | [PositionMgr]   CALL C-BTC-78000-220526: ltp=$1613.0931  sl=$1637.7000  entry=$1607.4813  move=+0.35%
15:17:32 | DEBUG    | [DataFeed] get_mark_price(P-BTC-78000-220526)
15:17:33 | DEBUG    | [DataFeed] get_ticker(P-BTC-78000-220526) raw: {'top_tag': '', 'ltp_change_24h': '-10.8025', 'tags': ['New'], 'tick_size': '0.500000000000000000', 'underlying_asset_symbol': 'BTC', 'price_band': {'lower_limit': '592.37537129', 'upper_limit': '2991.8200248'}, 'product_id': 180451, 'open': 1620.0, 'symbol': 'P-BTC-78000-220526', 'time': '2026-05-16T09:44:36.553679309Z', 'spot_price': '78139.6', 'turnover_symbol': 'USD', 'sort_priority': 2, 'size': 10073, 'turnover_usd': 786629.6390000002, 'mark_vol': '0.41616175', 'low': 1390.0, 'close': 1445.0, 'leverage': 100, 'strike_price': '78000', 'oi_value': '4.7370', 'oi_contracts': '4737', 'timestamp': 1779011253409908, 'quotes': {'mark_iv': '0.41610384', 'bid_iv': '0.41153849', 'best_bid': '1445', 'best_ask': '1475', 'ask_iv': '0.41970139', 'impact_mid_price': None, 'ask_size': '2079', 'bid_size': '2855'}, 'oi_change_usd_6h': '0.0000', 'oi_value_usd': '370124.5476', 'description': 'BTC  Put', 'mark_change_24h': '-10.8153', 'oi_value_symbol': 'BTC', 'volume': 10.072999999999993, 'oi': '4.7370', 'turnover': 786629.6390000002, 'product_trading_status': 'operational', 'contract_type': 'put_options', 'high': 1825.0, 'greeks': {'delta': '-0.47570226', 'theta': '-150.33902348', 'spot': '78139.6', 'vega': '36.75145981', 'rho': '-5.38986899', 'gamma': '0.00010356'}, 'contract_value': '0.001000000000000000', 'mark_price': '1461.98612526'}
15:17:33 | DEBUG    | [DataFeed] mark_price(P-BTC-78000-220526) = 1461.9861
15:17:33 | DEBUG    | [PositionMgr]   PUT P-BTC-78000-220526: ltp=$1461.9861  sl=$1488.3500  entry=$1466.0156  move=-0.27%
15:17:33 | DEBUG    | [Bot] Trade #1 still open — next check in 15s
15:17:48 | DEBUG    | [Bot] SL poll #9 — trade #1
15:17:48 | DEBUG    | [DataFeed] get_position_size(C-BTC-78000-220526, product_id=180474)
15:17:48 | DEBUG    | [HTTP] get_position_size(C-BTC-78000-220526) → status=200
15:17:48 | DEBUG    | [HTTP] get_position_size(C-BTC-78000-220526) → body={"success":true,"result":{"size":-50,"entry_price":"1590.00000000"}}
15:17:48 | DEBUG    | [DataFeed] position_size(C-BTC-78000-220526) = -50
15:17:48 | DEBUG    | [PositionMgr] reconcile: C-BTC-78000-220526 exchange_size=-50 — still open
15:17:48 | DEBUG    | [DataFeed] get_position_size(P-BTC-78000-220526, product_id=180451)
15:17:48 | DEBUG    | [HTTP] get_position_size(P-BTC-78000-220526) → status=200
15:17:48 | DEBUG    | [HTTP] get_position_size(P-BTC-78000-220526) → body={"success":true,"result":{"size":-50,"entry_price":"1445.00000000"}}
15:17:48 | DEBUG    | [DataFeed] position_size(P-BTC-78000-220526) = -50
15:17:48 | DEBUG    | [PositionMgr] reconcile: P-BTC-78000-220526 exchange_size=-50 — still open
15:17:48 | DEBUG    | [PositionMgr] SL poll — trade #1
15:17:48 | DEBUG    | [DataFeed] get_mark_price(C-BTC-78000-220526)
15:17:49 | DEBUG    | [DataFeed] get_ticker(C-BTC-78000-220526) raw: {'top_tag': '', 'ltp_change_24h': '-11.4206', 'tags': ['New'], 'tick_size': '0.500000000000000000', 'underlying_asset_symbol': 'BTC', 'price_band': {'lower_limit': '667.72359011', 'upper_limit': '3153.78080007'}, 'product_id': 180474, 'open': 1795.0, 'symbol': 'C-BTC-78000-220526', 'time': '2026-05-16T09:44:36.553679309Z', 'spot_price': '78139.7', 'turnover_symbol': 'USD', 'sort_priority': 2, 'size': 11622, 'turnover_usd': 907691.1387000004, 'mark_vol': '0.41945818', 'low': 1515.0, 'close': 1590.0, 'leverage': 100, 'strike_price': '78000', 'oi_value': '2.7630', 'oi_contracts': '2763', 'timestamp': 1779011266123517, 'quotes': {'mark_iv': '0.41940293', 'bid_iv': '0.41437396', 'best_bid': '1595', 'best_ask': '1625', 'ask_iv': '0.42253694', 'impact_mid_price': None, 'ask_size': '2125', 'bid_size': '2855'}, 'oi_change_usd_6h': '0.0000', 'oi_value_usd': '215876.7819', 'description': 'BTC  Call', 'mark_change_24h': '-9.3021', 'oi_value_symbol': 'BTC', 'volume': 11.622000000000007, 'oi': '2.7630', 'turnover': 907691.1387000004, 'product_trading_status': 'operational', 'contract_type': 'call_options', 'high': 1855.0, 'greeks': {'delta': '0.52426724', 'theta': '-151.34528808', 'spot': '78139.6', 'vega': '36.75113000', 'rho': '5.48986417', 'gamma': '0.00010288'}, 'contract_value': '0.001000000000000000', 'mark_price': '1613.73069026'}
15:17:49 | DEBUG    | [DataFeed] mark_price(C-BTC-78000-220526) = 1613.7307
15:17:49 | DEBUG    | [PositionMgr]   CALL C-BTC-78000-220526: ltp=$1613.7307  sl=$1637.7000  entry=$1607.4813  move=+0.39%
15:17:49 | DEBUG    | [DataFeed] get_mark_price(P-BTC-78000-220526)
15:17:49 | DEBUG    | [DataFeed] get_ticker(P-BTC-78000-220526) raw: {'top_tag': '', 'ltp_change_24h': '-10.8025', 'tags': ['New'], 'tick_size': '0.500000000000000000', 'underlying_asset_symbol': 'BTC', 'price_band': {'lower_limit': '592.37537129', 'upper_limit': '2991.8200248'}, 'product_id': 180451, 'open': 1620.0, 'symbol': 'P-BTC-78000-220526', 'time': '2026-05-16T09:44:36.553679309Z', 'spot_price': '78139.7', 'turnover_symbol': 'USD', 'sort_priority': 2, 'size': 10073, 'turnover_usd': 786629.6390000002, 'mark_vol': '0.4163263', 'low': 1390.0, 'close': 1445.0, 'leverage': 100, 'strike_price': '78000', 'oi_value': '4.7370', 'oi_contracts': '4737', 'timestamp': 1779011266123517, 'quotes': {'mark_iv': '0.4162711', 'bid_iv': '0.41155844', 'best_bid': '1445', 'best_ask': '1475', 'ask_iv': '0.41972149', 'impact_mid_price': None, 'ask_size': '2079', 'bid_size': '2855'}, 'oi_change_usd_6h': '0.0000', 'oi_value_usd': '370124.5476', 'description': 'BTC  Put', 'mark_change_24h': '-10.7797', 'oi_value_symbol': 'BTC', 'volume': 10.072999999999993, 'oi': '4.7370', 'turnover': 786629.6390000002, 'product_trading_status': 'operational', 'contract_type': 'put_options', 'high': 1825.0, 'greeks': {'delta': '-0.47569205', 'theta': '-150.34877823', 'spot': '78139.7', 'vega': '36.75082288', 'rho': '-5.38958055', 'gamma': '0.00010356'}, 'contract_value': '0.001000000000000000', 'mark_price': '1462.52069268'}
15:17:49 | DEBUG    | [DataFeed] mark_price(P-BTC-78000-220526) = 1462.5207
15:17:49 | DEBUG    | [PositionMgr]   PUT P-BTC-78000-220526: ltp=$1462.5207  sl=$1488.3500  entry=$1466.0156  move=-0.24%
15:17:49 | DEBUG    | [Bot] Trade #1 still open — next check in 15s
15:18:04 | DEBUG    | [Bot] SL poll #10 — trade #1
15:18:04 | DEBUG    | [DataFeed] get_position_size(C-BTC-78000-220526, product_id=180474)
15:18:04 | DEBUG    | [HTTP] get_position_size(C-BTC-78000-220526) → status=200
15:18:04 | DEBUG    | [HTTP] get_position_size(C-BTC-78000-220526) → body={"success":true,"result":{"size":-50,"entry_price":"1590.00000000"}}
15:18:04 | DEBUG    | [DataFeed] position_size(C-BTC-78000-220526) = -50
15:18:04 | DEBUG    | [PositionMgr] reconcile: C-BTC-78000-220526 exchange_size=-50 — still open
15:18:04 | DEBUG    | [DataFeed] get_position_size(P-BTC-78000-220526, product_id=180451)
15:18:05 | DEBUG    | [HTTP] get_position_size(P-BTC-78000-220526) → status=200
15:18:05 | DEBUG    | [HTTP] get_position_size(P-BTC-78000-220526) → body={"success":true,"result":{"size":-50,"entry_price":"1445.00000000"}}
15:18:05 | DEBUG    | [DataFeed] position_size(P-BTC-78000-220526) = -50
15:18:05 | DEBUG    | [PositionMgr] reconcile: P-BTC-78000-220526 exchange_size=-50 — still open
15:18:05 | DEBUG    | [PositionMgr] SL poll — trade #1
15:18:05 | DEBUG    | [DataFeed] get_mark_price(C-BTC-78000-220526)
15:18:05 | DEBUG    | [DataFeed] get_ticker(C-BTC-78000-220526) raw: {'top_tag': '', 'ltp_change_24h': '-11.4206', 'tags': ['New'], 'tick_size': '0.500000000000000000', 'underlying_asset_symbol': 'BTC', 'price_band': {'lower_limit': '669.40348612', 'upper_limit': '3156.44666513'}, 'product_id': 180474, 'open': 1795.0, 'symbol': 'C-BTC-78000-220526', 'time': '2026-05-16T09:44:36.553679309Z', 'spot_price': '78142.2', 'turnover_symbol': 'USD', 'sort_priority': 2, 'size': 11622, 'turnover_usd': 907691.1387000004, 'mark_vol': '0.41941897', 'low': 1515.0, 'close': 1590.0, 'leverage': 100, 'strike_price': '78000', 'oi_value': '2.7630', 'oi_contracts': '2763', 'timestamp': 1779011285098266, 'quotes': {'mark_iv': '0.41943893', 'bid_iv': '0.41396953', 'best_bid': '1595', 'best_ask': '1625', 'ask_iv': '0.42213278', 'impact_mid_price': None, 'ask_size': '2125', 'bid_size': '2855'}, 'oi_change_usd_6h': '0.0000', 'oi_value_usd': '215876.7819', 'description': 'BTC  Call', 'mark_change_24h': '-9.2294', 'oi_value_symbol': 'BTC', 'volume': 11.622000000000007, 'oi': '2.7630', 'turnover': 907691.1387000004, 'product_trading_status': 'operational', 'contract_type': 'call_options', 'high': 1855.0, 'greeks': {'delta': '0.52456986', 'theta': '-151.21642230', 'spot': '78142.5', 'vega': '36.74994794', 'rho': '5.49310415', 'gamma': '0.00010296'}, 'contract_value': '0.001000000000000000', 'mark_price': '1614.8642251'}
15:18:05 | DEBUG    | [DataFeed] mark_price(C-BTC-78000-220526) = 1614.8642
15:18:05 | DEBUG    | [PositionMgr]   CALL C-BTC-78000-220526: ltp=$1614.8642  sl=$1637.7000  entry=$1607.4813  move=+0.46%
15:18:05 | DEBUG    | [DataFeed] get_mark_price(P-BTC-78000-220526)
15:18:06 | DEBUG    | [DataFeed] get_ticker(P-BTC-78000-220526) raw: {'top_tag': '', 'ltp_change_24h': '-10.8025', 'tags': ['New'], 'tick_size': '0.500000000000000000', 'underlying_asset_symbol': 'BTC', 'price_band': {'lower_limit': '591.81697522', 'upper_limit': '2992.03730227'}, 'product_id': 180451, 'open': 1620.0, 'symbol': 'P-BTC-78000-220526', 'time': '2026-05-16T09:44:36.553679309Z', 'spot_price': '78142.2', 'turnover_symbol': 'USD', 'sort_priority': 2, 'size': 10073, 'turnover_usd': 786629.6390000002, 'mark_vol': '0.41653378', 'low': 1390.0, 'close': 1445.0, 'leverage': 100, 'strike_price': '78000', 'oi_value': '4.7370', 'oi_contracts': '4737', 'timestamp': 1779011285098266, 'quotes': {'mark_iv': '0.41654286', 'bid_iv': '0.41053074', 'best_bid': '1440', 'best_ask': '1475', 'ask_iv': '0.42005459', 'impact_mid_price': None, 'ask_size': '2079', 'bid_size': '2855'}, 'oi_change_usd_6h': '0.0000', 'oi_value_usd': '370124.5476', 'description': 'BTC  Put', 'mark_change_24h': '-10.8143', 'oi_value_symbol': 'BTC', 'volume': 10.072999999999993, 'oi': '4.7370', 'turnover': 786629.6390000002, 'product_trading_status': 'operational', 'contract_type': 'put_options', 'high': 1825.0, 'greeks': {'delta': '-0.47542754', 'theta': '-150.18407258', 'spot': '78142.2', 'vega': '36.74966680', 'rho': '-5.38621044', 'gamma': '0.00010367'}, 'contract_value': '0.001000000000000000', 'mark_price': '1462.06114958'}
15:18:06 | DEBUG    | [DataFeed] mark_price(P-BTC-78000-220526) = 1462.0611
15:18:06 | DEBUG    | [PositionMgr]   PUT P-BTC-78000-220526: ltp=$1462.0611  sl=$1488.3500  entry=$1466.0156  move=-0.27%
15:18:06 | DEBUG    | [Bot] Trade #1 still open — next check in 15s
15:18:21 | DEBUG    | [Bot] SL poll #11 — trade #1
15:18:21 | DEBUG    | [DataFeed] get_position_size(C-BTC-78000-220526, product_id=180474)
15:18:21 | DEBUG    | [HTTP] get_position_size(C-BTC-78000-220526) → status=200
15:18:21 | DEBUG    | [HTTP] get_position_size(C-BTC-78000-220526) → body={"success":true,"result":{"size":-50,"entry_price":"1590.00000000"}}
15:18:21 | DEBUG    | [DataFeed] position_size(C-BTC-78000-220526) = -50
15:18:21 | DEBUG    | [PositionMgr] reconcile: C-BTC-78000-220526 exchange_size=-50 — still open
15:18:21 | DEBUG    | [DataFeed] get_position_size(P-BTC-78000-220526, product_id=180451)
15:18:21 | DEBUG    | [HTTP] get_position_size(P-BTC-78000-220526) → status=200
15:18:21 | DEBUG    | [HTTP] get_position_size(P-BTC-78000-220526) → body={"success":true,"result":{"size":-50,"entry_price":"1445.00000000"}}
15:18:21 | DEBUG    | [DataFeed] position_size(P-BTC-78000-220526) = -50
15:18:21 | DEBUG    | [PositionMgr] reconcile: P-BTC-78000-220526 exchange_size=-50 — still open
15:18:21 | DEBUG    | [PositionMgr] SL poll — trade #1
15:18:21 | DEBUG    | [DataFeed] get_mark_price(C-BTC-78000-220526)
15:18:22 | DEBUG    | [DataFeed] get_ticker(C-BTC-78000-220526) raw: {'top_tag': '', 'ltp_change_24h': '-11.4206', 'tags': ['New'], 'tick_size': '0.500000000000000000', 'underlying_asset_symbol': 'BTC', 'price_band': {'lower_limit': '669.40348612', 'upper_limit': '3156.44666513'}, 'product_id': 180474, 'open': 1795.0, 'symbol': 'C-BTC-78000-220526', 'time': '2026-05-16T09:44:36.553679309Z', 'spot_price': '78142.6', 'turnover_symbol': 'USD', 'sort_priority': 2, 'size': 11622, 'turnover_usd': 907691.1387000004, 'mark_vol': '0.41923801', 'low': 1515.0, 'close': 1590.0, 'leverage': 100, 'strike_price': '78000', 'oi_value': '2.7630', 'oi_contracts': '2763', 'timestamp': 1779011300436527, 'quotes': {'mark_iv': '0.41929992', 'bid_iv': '0.41396232', 'best_bid': '1595', 'best_ask': '1625', 'ask_iv': '0.4221257', 'impact_mid_price': None, 'ask_size': '2125', 'bid_size': '2855'}, 'oi_change_usd_6h': '0.0000', 'oi_value_usd': '215876.7819', 'description': 'BTC  Call', 'mark_change_24h': '-9.2654', 'oi_value_symbol': 'BTC', 'volume': 11.622000000000007, 'oi': '2.7630', 'turnover': 907691.1387000004, 'product_trading_status': 'operational', 'contract_type': 'call_options', 'high': 1855.0, 'greeks': {'delta': '0.52458032', 'theta': '-151.21637614', 'spot': '78142.6', 'vega': '36.74930892', 'rho': '5.49303820', 'gamma': '0.00010297'}, 'contract_value': '0.001000000000000000', 'mark_price': '1614.38273633'}
15:18:22 | DEBUG    | [DataFeed] mark_price(C-BTC-78000-220526) = 1614.3827
15:18:22 | DEBUG    | [PositionMgr]   CALL C-BTC-78000-220526: ltp=$1614.3827  sl=$1637.7000  entry=$1607.4813  move=+0.43%
15:18:22 | DEBUG    | [DataFeed] get_mark_price(P-BTC-78000-220526)
15:18:23 | DEBUG    | [DataFeed] get_ticker(P-BTC-78000-220526) raw: {'top_tag': '', 'ltp_change_24h': '-10.8025', 'tags': ['New'], 'tick_size': '0.500000000000000000', 'underlying_asset_symbol': 'BTC', 'price_band': {'lower_limit': '591.81697522', 'upper_limit': '2992.03730227'}, 'product_id': 180451, 'open': 1620.0, 'symbol': 'P-BTC-78000-220526', 'time': '2026-05-16T09:44:36.553679309Z', 'spot_price': '78142.6', 'turnover_symbol': 'USD', 'sort_priority': 2, 'size': 10073, 'turnover_usd': 786629.6390000002, 'mark_vol': '0.41651986', 'low': 1390.0, 'close': 1445.0, 'leverage': 100, 'strike_price': '78000', 'oi_value': '4.7370', 'oi_contracts': '4737', 'timestamp': 1779011300436527, 'quotes': {'mark_iv': '0.41652228', 'bid_iv': '0.41058948', 'best_bid': '1440', 'best_ask': '1475', 'ask_iv': '0.42011351', 'impact_mid_price': None, 'ask_size': '2079', 'bid_size': '2855'}, 'oi_change_usd_6h': '0.0000', 'oi_value_usd': '370124.5476', 'description': 'BTC  Put', 'mark_change_24h': '-10.8235', 'oi_value_symbol': 'BTC', 'volume': 10.072999999999993, 'oi': '4.7370', 'turnover': 786629.6390000002, 'product_trading_status': 'operational', 'contract_type': 'put_options', 'high': 1825.0, 'greeks': {'delta': '-0.47538670', 'theta': '-150.20768822', 'spot': '78142.6', 'vega': '36.74899585', 'rho': '-5.38560809', 'gamma': '0.00010366'}, 'contract_value': '0.001000000000000000', 'mark_price': '1461.79371791'}
15:18:23 | DEBUG    | [DataFeed] mark_price(P-BTC-78000-220526) = 1461.7937
15:18:23 | DEBUG    | [PositionMgr]   PUT P-BTC-78000-220526: ltp=$1461.7937  sl=$1488.3500  entry=$1466.0156  move=-0.29%
15:18:23 | DEBUG    | [Bot] Trade #1 still open — next check in 15s
